/home/ubuntu/bangladesh_news_scraper/main.py:34: DeprecationWarning: 
        on_event is deprecated, use lifespan event handlers instead.

        Read more about it in the
        [FastAPI docs for Lifespan Events](https://fastapi.tiangolo.com/advanced/events/).
        
  @app.on_event("startup")
/home/ubuntu/bangladesh_news_scraper/main.py:39: DeprecationWarning: 
        on_event is deprecated, use lifespan event handlers instead.

        Read more about it in the
        [FastAPI docs for Lifespan Events](https://fastapi.tiangolo.com/advanced/events/).
        
  @app.on_event("shutdown")
INFO:     Will watch for changes in these directories: ['/home/ubuntu/bangladesh_news_scraper']
INFO:     Uvicorn running on http://0.0.0.0:8000 (Press CTRL+C to quit)
INFO:     Started reloader process [2672] using WatchFiles
INFO:     Started server process [2674]
INFO:     Waiting for application startup.
2025-08-18 03:01:54,629 - models.database - INFO - Connected to MongoDB successfully
2025-08-18 03:01:54,630 - models.database - INFO - Created indexes for raw collection
2025-08-18 03:01:54,631 - models.database - INFO - Created indexes for unique collection
INFO:     Application startup complete.
2025-08-18 03:01:54,717 - watchfiles.main - INFO - 2 changes detected
2025-08-18 03:01:55,068 - watchfiles.main - INFO - 1 change detected
2025-08-18 03:01:55,418 - watchfiles.main - INFO - 1 change detected
2025-08-18 03:01:55,769 - watchfiles.main - INFO - 1 change detected
2025-08-18 03:01:56,120 - watchfiles.main - INFO - 1 change detected
2025-08-18 03:01:56,471 - watchfiles.main - INFO - 1 change detected
2025-08-18 03:01:56,822 - watchfiles.main - INFO - 1 change detected
2025-08-18 03:01:57,172 - watchfiles.main - INFO - 1 change detected
2025-08-18 03:01:57,523 - watchfiles.main - INFO - 1 change detected
2025-08-18 03:01:57,874 - watchfiles.main - INFO - 1 change detected
2025-08-18 03:01:58,224 - watchfiles.main - INFO - 1 change detected
2025-08-18 03:01:58,575 - watchfiles.main - INFO - 1 change detected
2025-08-18 03:01:58,925 - watchfiles.main - INFO - 1 change detected
2025-08-18 03:01:59,276 - watchfiles.main - INFO - 1 change detected
2025-08-18 03:01:59,627 - watchfiles.main - INFO - 1 change detected
2025-08-18 03:01:59,977 - watchfiles.main - INFO - 1 change detected
2025-08-18 03:02:00,328 - watchfiles.main - INFO - 1 change detected
2025-08-18 03:02:00,679 - watchfiles.main - INFO - 1 change detected
2025-08-18 03:02:01,029 - watchfiles.main - INFO - 1 change detected
2025-08-18 03:02:01,380 - watchfiles.main - INFO - 1 change detected
2025-08-18 03:02:01,731 - watchfiles.main - INFO - 1 change detected
2025-08-18 03:02:02,082 - watchfiles.main - INFO - 1 change detected
2025-08-18 03:02:02,433 - watchfiles.main - INFO - 1 change detected
2025-08-18 03:02:02,783 - watchfiles.main - INFO - 1 change detected
2025-08-18 03:02:03,134 - watchfiles.main - INFO - 1 change detected
2025-08-18 03:02:03,485 - watchfiles.main - INFO - 1 change detected
2025-08-18 03:02:03,835 - watchfiles.main - INFO - 1 change detected
2025-08-18 03:02:04,186 - watchfiles.main - INFO - 1 change detected
2025-08-18 03:02:04,537 - watchfiles.main - INFO - 1 change detected
2025-08-18 03:02:04,888 - watchfiles.main - INFO - 1 change detected
INFO:     127.0.0.1:38692 - "GET /health HTTP/1.1" 200 OK
2025-08-18 03:02:05,238 - watchfiles.main - INFO - 1 change detected
2025-08-18 03:02:05,589 - watchfiles.main - INFO - 1 change detected
2025-08-18 03:02:05,940 - watchfiles.main - INFO - 1 change detected
2025-08-18 03:02:06,290 - watchfiles.main - INFO - 1 change detected
2025-08-18 03:02:06,641 - watchfiles.main - INFO - 1 change detected
2025-08-18 03:02:06,992 - watchfiles.main - INFO - 1 change detected
2025-08-18 03:02:07,342 - watchfiles.main - INFO - 1 change detected
2025-08-18 03:02:07,693 - watchfiles.main - INFO - 1 change detected
2025-08-18 03:02:08,044 - watchfiles.main - INFO - 1 change detected
2025-08-18 03:02:08,394 - watchfiles.main - INFO - 1 change detected
2025-08-18 03:02:08,745 - watchfiles.main - INFO - 1 change detected
2025-08-18 03:02:09,096 - watchfiles.main - INFO - 1 change detected
2025-08-18 03:02:09,447 - watchfiles.main - INFO - 1 change detected
2025-08-18 03:02:09,797 - watchfiles.main - INFO - 1 change detected
2025-08-18 03:02:10,148 - watchfiles.main - INFO - 1 change detected
2025-08-18 03:02:10,499 - watchfiles.main - INFO - 1 change detected
2025-08-18 03:02:10,850 - watchfiles.main - INFO - 1 change detected
2025-08-18 03:02:11,200 - watchfiles.main - INFO - 1 change detected
2025-08-18 03:02:11,551 - watchfiles.main - INFO - 1 change detected
2025-08-18 03:02:11,902 - watchfiles.main - INFO - 1 change detected
2025-08-18 03:02:12,252 - watchfiles.main - INFO - 1 change detected
2025-08-18 03:02:12,603 - watchfiles.main - INFO - 1 change detected
2025-08-18 03:02:12,954 - watchfiles.main - INFO - 1 change detected
2025-08-18 03:02:13,305 - watchfiles.main - INFO - 1 change detected
2025-08-18 03:02:13,655 - watchfiles.main - INFO - 1 change detected
2025-08-18 03:02:14,006 - watchfiles.main - INFO - 1 change detected
2025-08-18 03:02:14,356 - watchfiles.main - INFO - 1 change detected
2025-08-18 03:02:14,707 - watchfiles.main - INFO - 1 change detected
2025-08-18 03:02:15,058 - watchfiles.main - INFO - 1 change detected
2025-08-18 03:02:15,408 - watchfiles.main - INFO - 1 change detected
2025-08-18 03:02:15,759 - watchfiles.main - INFO - 1 change detected
2025-08-18 03:02:16,110 - watchfiles.main - INFO - 1 change detected
2025-08-18 03:02:16,460 - watchfiles.main - INFO - 1 change detected
2025-08-18 03:02:16,811 - watchfiles.main - INFO - 1 change detected
2025-08-18 03:02:17,161 - watchfiles.main - INFO - 1 change detected
2025-08-18 03:02:17,512 - watchfiles.main - INFO - 1 change detected
2025-08-18 03:02:17,862 - watchfiles.main - INFO - 1 change detected
2025-08-18 03:02:18,213 - watchfiles.main - INFO - 1 change detected
2025-08-18 03:02:18,564 - watchfiles.main - INFO - 1 change detected
2025-08-18 03:02:18,915 - watchfiles.main - INFO - 1 change detected
2025-08-18 03:02:19,265 - watchfiles.main - INFO - 1 change detected
2025-08-18 03:02:19,616 - watchfiles.main - INFO - 1 change detected
2025-08-18 03:02:19,967 - watchfiles.main - INFO - 1 change detected
2025-08-18 03:02:20,317 - watchfiles.main - INFO - 1 change detected
2025-08-18 03:02:20,668 - watchfiles.main - INFO - 1 change detected
2025-08-18 03:02:21,019 - watchfiles.main - INFO - 1 change detected
2025-08-18 03:02:21,370 - watchfiles.main - INFO - 1 change detected
2025-08-18 03:02:21,720 - watchfiles.main - INFO - 1 change detected
2025-08-18 03:02:22,071 - watchfiles.main - INFO - 1 change detected
2025-08-18 03:02:22,422 - watchfiles.main - INFO - 1 change detected
2025-08-18 03:02:22,773 - watchfiles.main - INFO - 1 change detected
2025-08-18 03:02:23,123 - watchfiles.main - INFO - 1 change detected
2025-08-18 03:02:23,475 - watchfiles.main - INFO - 1 change detected
2025-08-18 03:02:23,827 - watchfiles.main - INFO - 1 change detected
2025-08-18 03:02:24,178 - watchfiles.main - INFO - 1 change detected
2025-08-18 03:02:24,529 - watchfiles.main - INFO - 1 change detected
2025-08-18 03:02:24,880 - watchfiles.main - INFO - 1 change detected
2025-08-18 03:02:25,230 - watchfiles.main - INFO - 1 change detected
2025-08-18 03:02:25,581 - watchfiles.main - INFO - 1 change detected
2025-08-18 03:02:25,932 - watchfiles.main - INFO - 1 change detected
2025-08-18 03:02:26,282 - watchfiles.main - INFO - 1 change detected
2025-08-18 03:02:26,633 - watchfiles.main - INFO - 1 change detected
2025-08-18 03:02:26,984 - watchfiles.main - INFO - 1 change detected
2025-08-18 03:02:27,334 - watchfiles.main - INFO - 1 change detected
2025-08-18 03:02:27,685 - watchfiles.main - INFO - 1 change detected
2025-08-18 03:02:28,036 - watchfiles.main - INFO - 1 change detected
2025-08-18 03:02:28,387 - watchfiles.main - INFO - 1 change detected
2025-08-18 03:02:28,738 - watchfiles.main - INFO - 1 change detected
2025-08-18 03:02:29,088 - watchfiles.main - INFO - 1 change detected
2025-08-18 03:02:29,439 - watchfiles.main - INFO - 1 change detected
2025-08-18 03:02:29,790 - watchfiles.main - INFO - 1 change detected
2025-08-18 03:02:30,141 - watchfiles.main - INFO - 1 change detected
2025-08-18 03:02:30,491 - watchfiles.main - INFO - 1 change detected
2025-08-18 03:02:30,842 - watchfiles.main - INFO - 1 change detected
2025-08-18 03:02:31,193 - watchfiles.main - INFO - 1 change detected
2025-08-18 03:02:31,544 - watchfiles.main - INFO - 1 change detected
2025-08-18 03:02:31,895 - watchfiles.main - INFO - 1 change detected
2025-08-18 03:02:32,245 - watchfiles.main - INFO - 1 change detected
2025-08-18 03:02:32,596 - watchfiles.main - INFO - 1 change detected
2025-08-18 03:02:32,947 - watchfiles.main - INFO - 1 change detected
2025-08-18 03:02:33,298 - watchfiles.main - INFO - 1 change detected
2025-08-18 03:02:33,649 - watchfiles.main - INFO - 1 change detected
2025-08-18 03:02:34,000 - watchfiles.main - INFO - 1 change detected
2025-08-18 03:02:34,351 - watchfiles.main - INFO - 1 change detected
2025-08-18 03:02:34,702 - watchfiles.main - INFO - 1 change detected
2025-08-18 03:02:35,052 - watchfiles.main - INFO - 1 change detected
2025-08-18 03:02:35,403 - watchfiles.main - INFO - 1 change detected
2025-08-18 03:02:35,754 - watchfiles.main - INFO - 1 change detected
2025-08-18 03:02:36,105 - watchfiles.main - INFO - 1 change detected
2025-08-18 03:02:36,455 - watchfiles.main - INFO - 1 change detected
2025-08-18 03:02:36,806 - watchfiles.main - INFO - 1 change detected
2025-08-18 03:02:37,157 - watchfiles.main - INFO - 1 change detected
2025-08-18 03:02:37,507 - watchfiles.main - INFO - 1 change detected
2025-08-18 03:02:37,858 - watchfiles.main - INFO - 1 change detected
2025-08-18 03:02:38,209 - watchfiles.main - INFO - 1 change detected
2025-08-18 03:02:38,560 - watchfiles.main - INFO - 1 change detected
2025-08-18 03:02:38,911 - watchfiles.main - INFO - 1 change detected
2025-08-18 03:02:39,261 - watchfiles.main - INFO - 1 change detected
2025-08-18 03:02:39,612 - watchfiles.main - INFO - 1 change detected
2025-08-18 03:02:39,963 - watchfiles.main - INFO - 1 change detected
2025-08-18 03:02:40,314 - watchfiles.main - INFO - 1 change detected
2025-08-18 03:02:40,664 - watchfiles.main - INFO - 1 change detected
2025-08-18 03:02:41,015 - watchfiles.main - INFO - 1 change detected
2025-08-18 03:02:41,366 - watchfiles.main - INFO - 1 change detected
2025-08-18 03:02:41,717 - watchfiles.main - INFO - 1 change detected
2025-08-18 03:02:42,067 - watchfiles.main - INFO - 1 change detected
2025-08-18 03:02:42,418 - watchfiles.main - INFO - 1 change detected
2025-08-18 03:02:42,769 - watchfiles.main - INFO - 1 change detected
2025-08-18 03:02:43,120 - watchfiles.main - INFO - 1 change detected
2025-08-18 03:02:43,470 - watchfiles.main - INFO - 1 change detected
2025-08-18 03:02:43,821 - watchfiles.main - INFO - 1 change detected
2025-08-18 03:02:44,172 - watchfiles.main - INFO - 1 change detected
2025-08-18 03:02:44,523 - watchfiles.main - INFO - 1 change detected
2025-08-18 03:02:44,873 - watchfiles.main - INFO - 1 change detected
2025-08-18 03:02:45,224 - watchfiles.main - INFO - 1 change detected
2025-08-18 03:02:45,575 - watchfiles.main - INFO - 1 change detected
2025-08-18 03:02:45,925 - watchfiles.main - INFO - 1 change detected
2025-08-18 03:02:46,276 - watchfiles.main - INFO - 1 change detected
2025-08-18 03:02:46,627 - watchfiles.main - INFO - 1 change detected
2025-08-18 03:02:46,977 - watchfiles.main - INFO - 1 change detected
2025-08-18 03:02:47,328 - watchfiles.main - INFO - 1 change detected
2025-08-18 03:02:47,679 - watchfiles.main - INFO - 1 change detected
2025-08-18 03:02:48,029 - watchfiles.main - INFO - 1 change detected
2025-08-18 03:02:48,380 - watchfiles.main - INFO - 1 change detected
2025-08-18 03:02:48,731 - watchfiles.main - INFO - 1 change detected
2025-08-18 03:02:49,081 - watchfiles.main - INFO - 1 change detected
2025-08-18 03:02:49,436 - watchfiles.main - INFO - 1 change detected
2025-08-18 03:02:49,787 - watchfiles.main - INFO - 1 change detected
2025-08-18 03:02:50,137 - watchfiles.main - INFO - 1 change detected
2025-08-18 03:02:50,488 - watchfiles.main - INFO - 1 change detected
2025-08-18 03:02:50,839 - watchfiles.main - INFO - 1 change detected
2025-08-18 03:02:51,190 - watchfiles.main - INFO - 1 change detected
2025-08-18 03:02:51,540 - watchfiles.main - INFO - 1 change detected
2025-08-18 03:02:51,891 - watchfiles.main - INFO - 1 change detected
2025-08-18 03:02:52,242 - watchfiles.main - INFO - 1 change detected
2025-08-18 03:02:52,593 - watchfiles.main - INFO - 1 change detected
2025-08-18 03:02:52,943 - watchfiles.main - INFO - 1 change detected
2025-08-18 03:02:53,294 - watchfiles.main - INFO - 1 change detected
2025-08-18 03:02:53,645 - watchfiles.main - INFO - 1 change detected
2025-08-18 03:02:53,995 - watchfiles.main - INFO - 1 change detected
2025-08-18 03:02:54,346 - watchfiles.main - INFO - 1 change detected
2025-08-18 03:02:54,697 - watchfiles.main - INFO - 1 change detected
2025-08-18 03:02:55,048 - watchfiles.main - INFO - 1 change detected
2025-08-18 03:02:55,398 - watchfiles.main - INFO - 1 change detected
2025-08-18 03:02:55,749 - watchfiles.main - INFO - 1 change detected
2025-08-18 03:02:56,100 - watchfiles.main - INFO - 1 change detected
2025-08-18 03:02:56,450 - watchfiles.main - INFO - 1 change detected
2025-08-18 03:02:56,801 - watchfiles.main - INFO - 1 change detected
2025-08-18 03:02:57,152 - watchfiles.main - INFO - 1 change detected
2025-08-18 03:02:57,502 - watchfiles.main - INFO - 1 change detected
2025-08-18 03:02:57,853 - watchfiles.main - INFO - 1 change detected
2025-08-18 03:02:58,204 - watchfiles.main - INFO - 1 change detected
2025-08-18 03:02:58,554 - watchfiles.main - INFO - 1 change detected
2025-08-18 03:02:58,905 - watchfiles.main - INFO - 1 change detected
2025-08-18 03:02:59,256 - watchfiles.main - INFO - 1 change detected
2025-08-18 03:02:59,607 - watchfiles.main - INFO - 1 change detected
2025-08-18 03:02:59,957 - watchfiles.main - INFO - 1 change detected
2025-08-18 03:03:00,308 - watchfiles.main - INFO - 1 change detected
2025-08-18 03:03:00,663 - watchfiles.main - INFO - 1 change detected
2025-08-18 03:03:01,015 - watchfiles.main - INFO - 1 change detected
2025-08-18 03:03:01,366 - watchfiles.main - INFO - 1 change detected
2025-08-18 03:03:01,717 - watchfiles.main - INFO - 1 change detected
2025-08-18 03:03:02,068 - watchfiles.main - INFO - 1 change detected
2025-08-18 03:03:02,419 - watchfiles.main - INFO - 1 change detected
2025-08-18 03:03:02,770 - watchfiles.main - INFO - 1 change detected
2025-08-18 03:03:03,120 - watchfiles.main - INFO - 1 change detected
2025-08-18 03:03:03,471 - watchfiles.main - INFO - 1 change detected
2025-08-18 03:03:03,822 - watchfiles.main - INFO - 1 change detected
2025-08-18 03:03:04,172 - watchfiles.main - INFO - 1 change detected
2025-08-18 03:03:04,523 - watchfiles.main - INFO - 1 change detected
2025-08-18 03:03:04,874 - watchfiles.main - INFO - 1 change detected
2025-08-18 03:03:05,224 - watchfiles.main - INFO - 1 change detected
2025-08-18 03:03:05,575 - watchfiles.main - INFO - 1 change detected
2025-08-18 03:03:05,926 - watchfiles.main - INFO - 1 change detected
2025-08-18 03:03:06,277 - watchfiles.main - INFO - 1 change detected
2025-08-18 03:03:06,627 - watchfiles.main - INFO - 1 change detected
2025-08-18 03:03:06,978 - watchfiles.main - INFO - 1 change detected
2025-08-18 03:03:07,329 - watchfiles.main - INFO - 1 change detected
2025-08-18 03:03:07,680 - watchfiles.main - INFO - 1 change detected
2025-08-18 03:03:08,030 - watchfiles.main - INFO - 1 change detected
2025-08-18 03:03:08,381 - watchfiles.main - INFO - 1 change detected
2025-08-18 03:03:08,732 - watchfiles.main - INFO - 1 change detected
2025-08-18 03:03:09,082 - watchfiles.main - INFO - 1 change detected
2025-08-18 03:03:09,433 - watchfiles.main - INFO - 1 change detected
2025-08-18 03:03:09,784 - watchfiles.main - INFO - 1 change detected
2025-08-18 03:03:10,134 - watchfiles.main - INFO - 1 change detected
2025-08-18 03:03:10,485 - watchfiles.main - INFO - 1 change detected
2025-08-18 03:03:10,835 - watchfiles.main - INFO - 1 change detected
2025-08-18 03:03:11,186 - watchfiles.main - INFO - 1 change detected
2025-08-18 03:03:11,537 - watchfiles.main - INFO - 1 change detected
2025-08-18 03:03:11,887 - watchfiles.main - INFO - 1 change detected
2025-08-18 03:03:12,238 - watchfiles.main - INFO - 1 change detected
2025-08-18 03:03:12,589 - watchfiles.main - INFO - 1 change detected
2025-08-18 03:03:12,939 - watchfiles.main - INFO - 1 change detected
2025-08-18 03:03:13,290 - watchfiles.main - INFO - 1 change detected
2025-08-18 03:03:13,641 - watchfiles.main - INFO - 1 change detected
2025-08-18 03:03:13,992 - watchfiles.main - INFO - 1 change detected
2025-08-18 03:03:14,342 - watchfiles.main - INFO - 1 change detected
2025-08-18 03:03:14,693 - watchfiles.main - INFO - 1 change detected
2025-08-18 03:03:15,044 - watchfiles.main - INFO - 1 change detected
2025-08-18 03:03:15,395 - watchfiles.main - INFO - 1 change detected
2025-08-18 03:03:15,745 - watchfiles.main - INFO - 1 change detected
2025-08-18 03:03:16,096 - watchfiles.main - INFO - 1 change detected
2025-08-18 03:03:16,446 - watchfiles.main - INFO - 1 change detected
2025-08-18 03:03:16,797 - watchfiles.main - INFO - 2 changes detected
2025-08-18 03:03:17,148 - watchfiles.main - INFO - 1 change detected
2025-08-18 03:03:17,498 - watchfiles.main - INFO - 1 change detected
2025-08-18 03:03:17,849 - watchfiles.main - INFO - 1 change detected
2025-08-18 03:03:18,200 - watchfiles.main - INFO - 1 change detected
2025-08-18 03:03:18,551 - watchfiles.main - INFO - 1 change detected
2025-08-18 03:03:18,902 - watchfiles.main - INFO - 1 change detected
2025-08-18 03:03:19,254 - watchfiles.main - INFO - 1 change detected
2025-08-18 03:03:19,606 - watchfiles.main - INFO - 1 change detected
2025-08-18 03:03:19,957 - watchfiles.main - INFO - 1 change detected
2025-08-18 03:03:20,308 - watchfiles.main - INFO - 1 change detected
2025-08-18 03:03:20,659 - watchfiles.main - INFO - 1 change detected
2025-08-18 03:03:21,010 - watchfiles.main - INFO - 1 change detected
2025-08-18 03:03:21,360 - watchfiles.main - INFO - 1 change detected
2025-08-18 03:03:21,711 - watchfiles.main - INFO - 1 change detected
2025-08-18 03:03:22,062 - watchfiles.main - INFO - 1 change detected
2025-08-18 03:03:22,414 - watchfiles.main - INFO - 1 change detected
2025-08-18 03:03:22,765 - watchfiles.main - INFO - 1 change detected
2025-08-18 03:03:23,115 - watchfiles.main - INFO - 1 change detected
2025-08-18 03:03:23,466 - watchfiles.main - INFO - 1 change detected
2025-08-18 03:03:23,817 - watchfiles.main - INFO - 1 change detected
2025-08-18 03:03:24,168 - watchfiles.main - INFO - 1 change detected
2025-08-18 03:03:24,519 - watchfiles.main - INFO - 1 change detected
2025-08-18 03:03:24,869 - watchfiles.main - INFO - 1 change detected
2025-08-18 03:03:25,220 - watchfiles.main - INFO - 1 change detected
2025-08-18 03:03:25,571 - watchfiles.main - INFO - 1 change detected
2025-08-18 03:03:25,921 - watchfiles.main - INFO - 1 change detected
2025-08-18 03:03:26,272 - watchfiles.main - INFO - 1 change detected
2025-08-18 03:03:26,623 - watchfiles.main - INFO - 1 change detected
2025-08-18 03:03:26,974 - watchfiles.main - INFO - 1 change detected
2025-08-18 03:03:27,324 - watchfiles.main - INFO - 1 change detected
2025-08-18 03:03:27,675 - watchfiles.main - INFO - 1 change detected
2025-08-18 03:03:28,026 - watchfiles.main - INFO - 1 change detected
2025-08-18 03:03:28,376 - watchfiles.main - INFO - 1 change detected
2025-08-18 03:03:28,727 - watchfiles.main - INFO - 1 change detected
2025-08-18 03:03:29,078 - watchfiles.main - INFO - 1 change detected
2025-08-18 03:03:29,428 - watchfiles.main - INFO - 1 change detected
2025-08-18 03:03:29,779 - watchfiles.main - INFO - 1 change detected
2025-08-18 03:03:30,130 - watchfiles.main - INFO - 1 change detected
2025-08-18 03:03:30,480 - watchfiles.main - INFO - 1 change detected
2025-08-18 03:03:30,831 - watchfiles.main - INFO - 1 change detected
2025-08-18 03:03:31,182 - watchfiles.main - INFO - 1 change detected
2025-08-18 03:03:31,533 - watchfiles.main - INFO - 1 change detected
2025-08-18 03:03:31,883 - watchfiles.main - INFO - 1 change detected
2025-08-18 03:03:32,234 - watchfiles.main - INFO - 1 change detected
2025-08-18 03:03:32,585 - watchfiles.main - INFO - 1 change detected
2025-08-18 03:03:32,935 - watchfiles.main - INFO - 1 change detected
2025-08-18 03:03:33,286 - watchfiles.main - INFO - 1 change detected
2025-08-18 03:03:33,637 - watchfiles.main - INFO - 1 change detected
2025-08-18 03:03:33,988 - watchfiles.main - INFO - 1 change detected
2025-08-18 03:03:34,338 - watchfiles.main - INFO - 1 change detected
2025-08-18 03:03:34,689 - watchfiles.main - INFO - 1 change detected
2025-08-18 03:03:35,040 - watchfiles.main - INFO - 1 change detected
2025-08-18 03:03:35,390 - watchfiles.main - INFO - 1 change detected
2025-08-18 03:03:35,741 - watchfiles.main - INFO - 1 change detected
2025-08-18 03:03:36,092 - watchfiles.main - INFO - 1 change detected
2025-08-18 03:03:36,443 - watchfiles.main - INFO - 1 change detected
2025-08-18 03:03:36,793 - watchfiles.main - INFO - 1 change detected
2025-08-18 03:03:37,144 - watchfiles.main - INFO - 1 change detected
2025-08-18 03:03:37,495 - watchfiles.main - INFO - 1 change detected
2025-08-18 03:03:37,845 - watchfiles.main - INFO - 1 change detected
2025-08-18 03:03:38,196 - watchfiles.main - INFO - 1 change detected
2025-08-18 03:03:38,547 - watchfiles.main - INFO - 1 change detected
2025-08-18 03:03:38,898 - watchfiles.main - INFO - 1 change detected
2025-08-18 03:03:39,248 - watchfiles.main - INFO - 1 change detected
2025-08-18 03:03:39,599 - watchfiles.main - INFO - 1 change detected
2025-08-18 03:03:39,950 - watchfiles.main - INFO - 1 change detected
2025-08-18 03:03:40,300 - watchfiles.main - INFO - 1 change detected
2025-08-18 03:03:40,651 - watchfiles.main - INFO - 1 change detected
2025-08-18 03:03:41,002 - watchfiles.main - INFO - 1 change detected
2025-08-18 03:03:41,352 - watchfiles.main - INFO - 1 change detected
2025-08-18 03:03:41,704 - watchfiles.main - INFO - 1 change detected
2025-08-18 03:03:42,059 - watchfiles.main - INFO - 1 change detected
2025-08-18 03:03:42,410 - watchfiles.main - INFO - 1 change detected
2025-08-18 03:03:42,761 - watchfiles.main - INFO - 1 change detected
2025-08-18 03:03:43,112 - watchfiles.main - INFO - 1 change detected
2025-08-18 03:03:43,462 - watchfiles.main - INFO - 1 change detected
2025-08-18 03:03:43,813 - watchfiles.main - INFO - 1 change detected
2025-08-18 03:03:44,164 - watchfiles.main - INFO - 1 change detected
2025-08-18 03:03:44,515 - watchfiles.main - INFO - 1 change detected
2025-08-18 03:03:44,866 - watchfiles.main - INFO - 1 change detected
2025-08-18 03:03:45,216 - watchfiles.main - INFO - 1 change detected
2025-08-18 03:03:45,567 - watchfiles.main - INFO - 1 change detected
2025-08-18 03:03:45,918 - watchfiles.main - INFO - 1 change detected
2025-08-18 03:03:46,269 - watchfiles.main - INFO - 1 change detected
2025-08-18 03:03:46,620 - watchfiles.main - INFO - 1 change detected
2025-08-18 03:03:46,971 - watchfiles.main - INFO - 1 change detected
2025-08-18 03:03:47,321 - watchfiles.main - INFO - 1 change detected
2025-08-18 03:03:47,672 - watchfiles.main - INFO - 1 change detected
2025-08-18 03:03:48,023 - watchfiles.main - INFO - 1 change detected
2025-08-18 03:03:48,374 - watchfiles.main - INFO - 1 change detected
2025-08-18 03:03:48,725 - watchfiles.main - INFO - 1 change detected
2025-08-18 03:03:49,076 - watchfiles.main - INFO - 1 change detected
2025-08-18 03:03:49,426 - watchfiles.main - INFO - 1 change detected
2025-08-18 03:03:49,777 - watchfiles.main - INFO - 1 change detected
2025-08-18 03:03:50,128 - watchfiles.main - INFO - 1 change detected
2025-08-18 03:03:50,479 - watchfiles.main - INFO - 1 change detected
2025-08-18 03:03:50,830 - watchfiles.main - INFO - 1 change detected
2025-08-18 03:03:51,180 - watchfiles.main - INFO - 1 change detected
2025-08-18 03:03:51,531 - watchfiles.main - INFO - 1 change detected
2025-08-18 03:03:51,882 - watchfiles.main - INFO - 1 change detected
2025-08-18 03:03:52,233 - watchfiles.main - INFO - 1 change detected
2025-08-18 03:03:52,584 - watchfiles.main - INFO - 1 change detected
2025-08-18 03:03:52,934 - watchfiles.main - INFO - 1 change detected
2025-08-18 03:03:53,285 - watchfiles.main - INFO - 1 change detected
2025-08-18 03:03:53,636 - watchfiles.main - INFO - 1 change detected
2025-08-18 03:03:53,987 - watchfiles.main - INFO - 1 change detected
2025-08-18 03:03:54,338 - watchfiles.main - INFO - 1 change detected
2025-08-18 03:03:54,688 - watchfiles.main - INFO - 1 change detected
2025-08-18 03:03:55,039 - watchfiles.main - INFO - 1 change detected
2025-08-18 03:03:55,390 - watchfiles.main - INFO - 1 change detected
2025-08-18 03:03:55,741 - watchfiles.main - INFO - 1 change detected
2025-08-18 03:03:56,092 - watchfiles.main - INFO - 1 change detected
2025-08-18 03:03:56,442 - watchfiles.main - INFO - 1 change detected
2025-08-18 03:03:56,793 - watchfiles.main - INFO - 1 change detected
2025-08-18 03:03:57,144 - watchfiles.main - INFO - 1 change detected
2025-08-18 03:03:57,494 - watchfiles.main - INFO - 1 change detected
2025-08-18 03:03:57,845 - watchfiles.main - INFO - 1 change detected
2025-08-18 03:03:58,196 - watchfiles.main - INFO - 1 change detected
2025-08-18 03:03:58,547 - watchfiles.main - INFO - 1 change detected
2025-08-18 03:03:58,897 - watchfiles.main - INFO - 1 change detected
2025-08-18 03:03:59,248 - watchfiles.main - INFO - 1 change detected
2025-08-18 03:03:59,598 - watchfiles.main - INFO - 1 change detected
2025-08-18 03:03:59,949 - watchfiles.main - INFO - 1 change detected
2025-08-18 03:04:00,300 - watchfiles.main - INFO - 1 change detected
2025-08-18 03:04:00,651 - watchfiles.main - INFO - 1 change detected
2025-08-18 03:04:01,001 - watchfiles.main - INFO - 1 change detected
2025-08-18 03:04:01,352 - watchfiles.main - INFO - 1 change detected
2025-08-18 03:04:01,703 - watchfiles.main - INFO - 1 change detected
2025-08-18 03:04:02,053 - watchfiles.main - INFO - 1 change detected
2025-08-18 03:04:02,404 - watchfiles.main - INFO - 1 change detected
2025-08-18 03:04:02,755 - watchfiles.main - INFO - 1 change detected
2025-08-18 03:04:03,105 - watchfiles.main - INFO - 1 change detected
2025-08-18 03:04:03,456 - watchfiles.main - INFO - 1 change detected
2025-08-18 03:04:03,807 - watchfiles.main - INFO - 1 change detected
2025-08-18 03:04:04,158 - watchfiles.main - INFO - 1 change detected
2025-08-18 03:04:04,508 - watchfiles.main - INFO - 1 change detected
2025-08-18 03:04:04,859 - watchfiles.main - INFO - 1 change detected
2025-08-18 03:04:05,210 - watchfiles.main - INFO - 1 change detected
2025-08-18 03:04:05,561 - watchfiles.main - INFO - 1 change detected
2025-08-18 03:04:05,911 - watchfiles.main - INFO - 1 change detected
2025-08-18 03:04:06,262 - watchfiles.main - INFO - 1 change detected
2025-08-18 03:04:06,613 - watchfiles.main - INFO - 1 change detected
2025-08-18 03:04:06,963 - watchfiles.main - INFO - 1 change detected
2025-08-18 03:04:07,314 - watchfiles.main - INFO - 1 change detected
2025-08-18 03:04:07,665 - watchfiles.main - INFO - 1 change detected
2025-08-18 03:04:08,016 - watchfiles.main - INFO - 1 change detected
2025-08-18 03:04:08,366 - watchfiles.main - INFO - 1 change detected
2025-08-18 03:04:08,717 - watchfiles.main - INFO - 1 change detected
2025-08-18 03:04:09,068 - watchfiles.main - INFO - 1 change detected
2025-08-18 03:04:09,419 - watchfiles.main - INFO - 1 change detected
2025-08-18 03:04:09,769 - watchfiles.main - INFO - 1 change detected
2025-08-18 03:04:10,120 - watchfiles.main - INFO - 1 change detected
2025-08-18 03:04:10,471 - watchfiles.main - INFO - 2 changes detected
2025-08-18 03:04:10,821 - watchfiles.main - INFO - 1 change detected
2025-08-18 03:04:11,172 - watchfiles.main - INFO - 1 change detected
2025-08-18 03:04:11,523 - watchfiles.main - INFO - 1 change detected
2025-08-18 03:04:11,873 - watchfiles.main - INFO - 1 change detected
2025-08-18 03:04:12,224 - watchfiles.main - INFO - 1 change detected
2025-08-18 03:04:12,575 - watchfiles.main - INFO - 1 change detected
2025-08-18 03:04:12,926 - watchfiles.main - INFO - 1 change detected
2025-08-18 03:04:13,276 - watchfiles.main - INFO - 1 change detected
2025-08-18 03:04:13,627 - watchfiles.main - INFO - 1 change detected
2025-08-18 03:04:13,978 - watchfiles.main - INFO - 1 change detected
2025-08-18 03:04:14,328 - watchfiles.main - INFO - 1 change detected
2025-08-18 03:04:14,679 - watchfiles.main - INFO - 1 change detected
2025-08-18 03:04:15,030 - watchfiles.main - INFO - 1 change detected
2025-08-18 03:04:15,380 - watchfiles.main - INFO - 1 change detected
2025-08-18 03:04:15,731 - watchfiles.main - INFO - 1 change detected
2025-08-18 03:04:16,082 - watchfiles.main - INFO - 1 change detected
2025-08-18 03:04:16,432 - watchfiles.main - INFO - 1 change detected
2025-08-18 03:04:16,783 - watchfiles.main - INFO - 1 change detected
2025-08-18 03:04:17,134 - watchfiles.main - INFO - 1 change detected
2025-08-18 03:04:17,484 - watchfiles.main - INFO - 1 change detected
2025-08-18 03:04:17,835 - watchfiles.main - INFO - 1 change detected
2025-08-18 03:04:18,186 - watchfiles.main - INFO - 1 change detected
2025-08-18 03:04:18,537 - watchfiles.main - INFO - 1 change detected
2025-08-18 03:04:18,887 - watchfiles.main - INFO - 1 change detected
2025-08-18 03:04:19,238 - watchfiles.main - INFO - 1 change detected
2025-08-18 03:04:19,589 - watchfiles.main - INFO - 1 change detected
2025-08-18 03:04:19,940 - watchfiles.main - INFO - 1 change detected
2025-08-18 03:04:20,290 - watchfiles.main - INFO - 1 change detected
2025-08-18 03:04:20,641 - watchfiles.main - INFO - 1 change detected
2025-08-18 03:04:20,992 - watchfiles.main - INFO - 1 change detected
2025-08-18 03:04:21,342 - watchfiles.main - INFO - 1 change detected
2025-08-18 03:04:21,693 - watchfiles.main - INFO - 1 change detected
2025-08-18 03:04:22,044 - watchfiles.main - INFO - 1 change detected
2025-08-18 03:04:22,395 - watchfiles.main - INFO - 1 change detected
2025-08-18 03:04:22,745 - watchfiles.main - INFO - 1 change detected
2025-08-18 03:04:23,096 - watchfiles.main - INFO - 1 change detected
2025-08-18 03:04:23,447 - watchfiles.main - INFO - 1 change detected
2025-08-18 03:04:23,798 - watchfiles.main - INFO - 1 change detected
2025-08-18 03:04:24,148 - watchfiles.main - INFO - 1 change detected
2025-08-18 03:04:24,499 - watchfiles.main - INFO - 1 change detected
2025-08-18 03:04:24,849 - watchfiles.main - INFO - 1 change detected
2025-08-18 03:04:25,200 - watchfiles.main - INFO - 1 change detected
2025-08-18 03:04:25,551 - watchfiles.main - INFO - 1 change detected
2025-08-18 03:04:25,902 - watchfiles.main - INFO - 1 change detected
2025-08-18 03:04:26,252 - watchfiles.main - INFO - 1 change detected
2025-08-18 03:04:26,603 - watchfiles.main - INFO - 1 change detected
2025-08-18 03:04:26,954 - watchfiles.main - INFO - 1 change detected
2025-08-18 03:04:27,304 - watchfiles.main - INFO - 1 change detected
2025-08-18 03:04:27,655 - watchfiles.main - INFO - 1 change detected
2025-08-18 03:04:28,006 - watchfiles.main - INFO - 1 change detected
2025-08-18 03:04:28,356 - watchfiles.main - INFO - 1 change detected
2025-08-18 03:04:28,707 - watchfiles.main - INFO - 1 change detected
2025-08-18 03:04:29,058 - watchfiles.main - INFO - 1 change detected
2025-08-18 03:04:29,408 - watchfiles.main - INFO - 1 change detected
2025-08-18 03:04:29,759 - watchfiles.main - INFO - 1 change detected
2025-08-18 03:04:30,110 - watchfiles.main - INFO - 1 change detected
2025-08-18 03:04:30,460 - watchfiles.main - INFO - 1 change detected
2025-08-18 03:04:30,811 - watchfiles.main - INFO - 1 change detected
2025-08-18 03:04:31,162 - watchfiles.main - INFO - 1 change detected
2025-08-18 03:04:31,512 - watchfiles.main - INFO - 1 change detected
2025-08-18 03:04:31,863 - watchfiles.main - INFO - 1 change detected
2025-08-18 03:04:32,214 - watchfiles.main - INFO - 1 change detected
2025-08-18 03:04:32,564 - watchfiles.main - INFO - 1 change detected
2025-08-18 03:04:32,915 - watchfiles.main - INFO - 1 change detected
2025-08-18 03:04:33,266 - watchfiles.main - INFO - 1 change detected
2025-08-18 03:04:33,617 - watchfiles.main - INFO - 1 change detected
2025-08-18 03:04:33,967 - watchfiles.main - INFO - 1 change detected
2025-08-18 03:04:34,318 - watchfiles.main - INFO - 1 change detected
2025-08-18 03:04:34,668 - watchfiles.main - INFO - 1 change detected
2025-08-18 03:04:35,019 - watchfiles.main - INFO - 1 change detected
2025-08-18 03:04:35,370 - watchfiles.main - INFO - 1 change detected
2025-08-18 03:04:35,721 - watchfiles.main - INFO - 1 change detected
2025-08-18 03:04:36,071 - watchfiles.main - INFO - 1 change detected
2025-08-18 03:04:36,422 - watchfiles.main - INFO - 1 change detected
2025-08-18 03:04:36,773 - watchfiles.main - INFO - 1 change detected
2025-08-18 03:04:37,124 - watchfiles.main - INFO - 1 change detected
2025-08-18 03:04:37,475 - watchfiles.main - INFO - 1 change detected
2025-08-18 03:04:37,825 - watchfiles.main - INFO - 1 change detected
2025-08-18 03:04:38,176 - watchfiles.main - INFO - 1 change detected
2025-08-18 03:04:38,527 - watchfiles.main - INFO - 1 change detected
2025-08-18 03:04:38,878 - watchfiles.main - INFO - 1 change detected
2025-08-18 03:04:39,228 - watchfiles.main - INFO - 1 change detected
2025-08-18 03:04:39,579 - watchfiles.main - INFO - 1 change detected
2025-08-18 03:04:39,930 - watchfiles.main - INFO - 1 change detected
2025-08-18 03:04:40,280 - watchfiles.main - INFO - 1 change detected
2025-08-18 03:04:40,631 - watchfiles.main - INFO - 1 change detected
2025-08-18 03:04:40,982 - watchfiles.main - INFO - 1 change detected
2025-08-18 03:04:41,332 - watchfiles.main - INFO - 1 change detected
2025-08-18 03:04:41,683 - watchfiles.main - INFO - 1 change detected
2025-08-18 03:04:42,034 - watchfiles.main - INFO - 1 change detected
2025-08-18 03:04:42,384 - watchfiles.main - INFO - 1 change detected
2025-08-18 03:04:42,735 - watchfiles.main - INFO - 1 change detected
2025-08-18 03:04:43,086 - watchfiles.main - INFO - 1 change detected
2025-08-18 03:04:43,436 - watchfiles.main - INFO - 1 change detected
2025-08-18 03:04:43,787 - watchfiles.main - INFO - 1 change detected
2025-08-18 03:04:44,138 - watchfiles.main - INFO - 1 change detected
2025-08-18 03:04:44,489 - watchfiles.main - INFO - 1 change detected
2025-08-18 03:04:44,849 - watchfiles.main - INFO - 1 change detected
2025-08-18 03:04:45,200 - watchfiles.main - INFO - 1 change detected
2025-08-18 03:04:45,551 - watchfiles.main - INFO - 1 change detected
2025-08-18 03:04:45,902 - watchfiles.main - INFO - 1 change detected
2025-08-18 03:04:46,252 - watchfiles.main - INFO - 1 change detected
2025-08-18 03:04:46,603 - watchfiles.main - INFO - 1 change detected
2025-08-18 03:04:46,954 - watchfiles.main - INFO - 1 change detected
2025-08-18 03:04:47,304 - watchfiles.main - INFO - 1 change detected
2025-08-18 03:04:47,655 - watchfiles.main - INFO - 1 change detected
2025-08-18 03:04:48,006 - watchfiles.main - INFO - 1 change detected
2025-08-18 03:04:48,356 - watchfiles.main - INFO - 1 change detected
2025-08-18 03:04:48,707 - watchfiles.main - INFO - 1 change detected
2025-08-18 03:04:49,058 - watchfiles.main - INFO - 1 change detected
2025-08-18 03:04:49,408 - watchfiles.main - INFO - 1 change detected
2025-08-18 03:04:49,759 - watchfiles.main - INFO - 1 change detected
2025-08-18 03:04:50,110 - watchfiles.main - INFO - 1 change detected
2025-08-18 03:04:50,461 - watchfiles.main - INFO - 1 change detected
2025-08-18 03:04:50,812 - watchfiles.main - INFO - 1 change detected
2025-08-18 03:04:51,162 - watchfiles.main - INFO - 1 change detected
2025-08-18 03:04:51,513 - watchfiles.main - INFO - 1 change detected
2025-08-18 03:04:51,864 - watchfiles.main - INFO - 1 change detected
2025-08-18 03:04:52,215 - watchfiles.main - INFO - 1 change detected
2025-08-18 03:04:52,565 - watchfiles.main - INFO - 1 change detected
2025-08-18 03:04:52,916 - watchfiles.main - INFO - 1 change detected
2025-08-18 03:04:53,267 - watchfiles.main - INFO - 1 change detected
2025-08-18 03:04:53,618 - watchfiles.main - INFO - 1 change detected
2025-08-18 03:04:53,968 - watchfiles.main - INFO - 1 change detected
2025-08-18 03:04:54,319 - watchfiles.main - INFO - 1 change detected
2025-08-18 03:04:54,670 - watchfiles.main - INFO - 1 change detected
2025-08-18 03:04:55,021 - watchfiles.main - INFO - 1 change detected
2025-08-18 03:04:55,371 - watchfiles.main - INFO - 1 change detected
2025-08-18 03:04:55,722 - watchfiles.main - INFO - 1 change detected
2025-08-18 03:04:56,073 - watchfiles.main - INFO - 1 change detected
2025-08-18 03:04:56,423 - watchfiles.main - INFO - 1 change detected
2025-08-18 03:04:56,774 - watchfiles.main - INFO - 1 change detected
2025-08-18 03:04:57,125 - watchfiles.main - INFO - 1 change detected
2025-08-18 03:04:57,476 - watchfiles.main - INFO - 1 change detected
2025-08-18 03:04:57,826 - watchfiles.main - INFO - 1 change detected
2025-08-18 03:04:58,177 - watchfiles.main - INFO - 1 change detected
2025-08-18 03:04:58,528 - watchfiles.main - INFO - 1 change detected
2025-08-18 03:04:58,879 - watchfiles.main - INFO - 1 change detected
2025-08-18 03:04:59,229 - watchfiles.main - INFO - 1 change detected
2025-08-18 03:04:59,580 - watchfiles.main - INFO - 1 change detected
2025-08-18 03:04:59,931 - watchfiles.main - INFO - 1 change detected
2025-08-18 03:05:00,282 - watchfiles.main - INFO - 1 change detected
2025-08-18 03:05:00,632 - watchfiles.main - INFO - 1 change detected
2025-08-18 03:05:00,983 - watchfiles.main - INFO - 1 change detected
2025-08-18 03:05:01,333 - watchfiles.main - INFO - 1 change detected
2025-08-18 03:05:01,684 - watchfiles.main - INFO - 1 change detected
2025-08-18 03:05:02,034 - watchfiles.main - INFO - 1 change detected
2025-08-18 03:05:02,385 - watchfiles.main - INFO - 1 change detected
2025-08-18 03:05:02,735 - watchfiles.main - INFO - 1 change detected
2025-08-18 03:05:03,086 - watchfiles.main - INFO - 1 change detected
2025-08-18 03:05:03,437 - watchfiles.main - INFO - 1 change detected
2025-08-18 03:05:03,788 - watchfiles.main - INFO - 1 change detected
2025-08-18 03:05:04,138 - watchfiles.main - INFO - 1 change detected
2025-08-18 03:05:04,489 - watchfiles.main - INFO - 1 change detected
2025-08-18 03:05:04,839 - watchfiles.main - INFO - 1 change detected
2025-08-18 03:05:05,190 - watchfiles.main - INFO - 1 change detected
2025-08-18 03:05:05,541 - watchfiles.main - INFO - 1 change detected
2025-08-18 03:05:05,891 - watchfiles.main - INFO - 1 change detected
2025-08-18 03:05:06,242 - watchfiles.main - INFO - 1 change detected
2025-08-18 03:05:06,593 - watchfiles.main - INFO - 1 change detected
2025-08-18 03:05:06,943 - watchfiles.main - INFO - 1 change detected
2025-08-18 03:05:07,294 - watchfiles.main - INFO - 1 change detected
2025-08-18 03:05:07,645 - watchfiles.main - INFO - 1 change detected
2025-08-18 03:05:07,996 - watchfiles.main - INFO - 1 change detected
2025-08-18 03:05:08,347 - watchfiles.main - INFO - 1 change detected
2025-08-18 03:05:08,697 - watchfiles.main - INFO - 1 change detected
2025-08-18 03:05:09,048 - watchfiles.main - INFO - 1 change detected
2025-08-18 03:05:09,399 - watchfiles.main - INFO - 1 change detected
2025-08-18 03:05:09,750 - watchfiles.main - INFO - 1 change detected
2025-08-18 03:05:10,101 - watchfiles.main - INFO - 1 change detected
2025-08-18 03:05:10,451 - watchfiles.main - INFO - 1 change detected
2025-08-18 03:05:10,802 - watchfiles.main - INFO - 1 change detected
2025-08-18 03:05:11,153 - watchfiles.main - INFO - 1 change detected
2025-08-18 03:05:11,504 - watchfiles.main - INFO - 1 change detected
2025-08-18 03:05:11,855 - watchfiles.main - INFO - 1 change detected
2025-08-18 03:05:12,205 - watchfiles.main - INFO - 1 change detected
2025-08-18 03:05:12,556 - watchfiles.main - INFO - 1 change detected
2025-08-18 03:05:12,906 - watchfiles.main - INFO - 1 change detected
2025-08-18 03:05:13,257 - watchfiles.main - INFO - 1 change detected
2025-08-18 03:05:13,608 - watchfiles.main - INFO - 1 change detected
2025-08-18 03:05:13,959 - watchfiles.main - INFO - 1 change detected
2025-08-18 03:05:14,309 - watchfiles.main - INFO - 1 change detected
2025-08-18 03:05:14,660 - watchfiles.main - INFO - 1 change detected
2025-08-18 03:05:15,010 - watchfiles.main - INFO - 1 change detected
2025-08-18 03:05:15,361 - watchfiles.main - INFO - 1 change detected
2025-08-18 03:05:15,712 - watchfiles.main - INFO - 1 change detected
2025-08-18 03:05:16,063 - watchfiles.main - INFO - 1 change detected
2025-08-18 03:05:16,413 - watchfiles.main - INFO - 1 change detected
2025-08-18 03:05:16,764 - watchfiles.main - INFO - 1 change detected
2025-08-18 03:05:17,115 - watchfiles.main - INFO - 1 change detected
2025-08-18 03:05:17,466 - watchfiles.main - INFO - 1 change detected
2025-08-18 03:05:17,816 - watchfiles.main - INFO - 1 change detected
2025-08-18 03:05:18,167 - watchfiles.main - INFO - 1 change detected
2025-08-18 03:05:18,518 - watchfiles.main - INFO - 1 change detected
2025-08-18 03:05:18,868 - watchfiles.main - INFO - 1 change detected
2025-08-18 03:05:19,219 - watchfiles.main - INFO - 1 change detected
2025-08-18 03:05:19,570 - watchfiles.main - INFO - 1 change detected
2025-08-18 03:05:19,921 - watchfiles.main - INFO - 2 changes detected
2025-08-18 03:05:20,271 - watchfiles.main - INFO - 1 change detected
2025-08-18 03:05:20,624 - watchfiles.main - INFO - 1 change detected
2025-08-18 03:05:20,976 - watchfiles.main - INFO - 1 change detected
2025-08-18 03:05:21,335 - watchfiles.main - INFO - 1 change detected
2025-08-18 03:05:21,686 - watchfiles.main - INFO - 1 change detected
2025-08-18 03:05:22,036 - watchfiles.main - INFO - 1 change detected
2025-08-18 03:05:22,387 - watchfiles.main - INFO - 1 change detected
2025-08-18 03:05:22,738 - watchfiles.main - INFO - 1 change detected
2025-08-18 03:05:23,089 - watchfiles.main - INFO - 1 change detected
2025-08-18 03:05:23,440 - watchfiles.main - INFO - 1 change detected
2025-08-18 03:05:23,791 - watchfiles.main - INFO - 1 change detected
2025-08-18 03:05:24,141 - watchfiles.main - INFO - 1 change detected
2025-08-18 03:05:24,492 - watchfiles.main - INFO - 1 change detected
2025-08-18 03:05:24,843 - watchfiles.main - INFO - 1 change detected
2025-08-18 03:05:25,194 - watchfiles.main - INFO - 1 change detected
2025-08-18 03:05:25,545 - watchfiles.main - INFO - 1 change detected
2025-08-18 03:05:25,896 - watchfiles.main - INFO - 1 change detected
2025-08-18 03:05:26,247 - watchfiles.main - INFO - 1 change detected
2025-08-18 03:05:26,598 - watchfiles.main - INFO - 1 change detected
2025-08-18 03:05:26,949 - watchfiles.main - INFO - 1 change detected
2025-08-18 03:05:27,299 - watchfiles.main - INFO - 1 change detected
2025-08-18 03:05:27,650 - watchfiles.main - INFO - 1 change detected
2025-08-18 03:05:28,001 - watchfiles.main - INFO - 1 change detected
2025-08-18 03:05:28,352 - watchfiles.main - INFO - 1 change detected
2025-08-18 03:05:28,703 - watchfiles.main - INFO - 1 change detected
2025-08-18 03:05:29,053 - watchfiles.main - INFO - 1 change detected
2025-08-18 03:05:29,404 - watchfiles.main - INFO - 1 change detected
2025-08-18 03:05:29,755 - watchfiles.main - INFO - 1 change detected
2025-08-18 03:05:30,105 - watchfiles.main - INFO - 1 change detected
2025-08-18 03:05:30,456 - watchfiles.main - INFO - 1 change detected
2025-08-18 03:05:30,807 - watchfiles.main - INFO - 1 change detected
2025-08-18 03:05:31,157 - watchfiles.main - INFO - 1 change detected
2025-08-18 03:05:31,508 - watchfiles.main - INFO - 1 change detected
2025-08-18 03:05:31,858 - watchfiles.main - INFO - 1 change detected
2025-08-18 03:05:32,209 - watchfiles.main - INFO - 1 change detected
2025-08-18 03:05:32,560 - watchfiles.main - INFO - 1 change detected
2025-08-18 03:05:32,911 - watchfiles.main - INFO - 1 change detected
2025-08-18 03:05:33,261 - watchfiles.main - INFO - 1 change detected
2025-08-18 03:05:33,612 - watchfiles.main - INFO - 1 change detected
2025-08-18 03:05:33,963 - watchfiles.main - INFO - 1 change detected
2025-08-18 03:05:34,314 - watchfiles.main - INFO - 1 change detected
2025-08-18 03:05:34,664 - watchfiles.main - INFO - 1 change detected
2025-08-18 03:05:35,015 - watchfiles.main - INFO - 1 change detected
2025-08-18 03:05:35,366 - watchfiles.main - INFO - 1 change detected
2025-08-18 03:05:35,716 - watchfiles.main - INFO - 1 change detected
2025-08-18 03:05:36,067 - watchfiles.main - INFO - 1 change detected
2025-08-18 03:05:36,417 - watchfiles.main - INFO - 1 change detected
2025-08-18 03:05:36,768 - watchfiles.main - INFO - 1 change detected
2025-08-18 03:05:37,119 - watchfiles.main - INFO - 1 change detected
2025-08-18 03:05:37,469 - watchfiles.main - INFO - 1 change detected
2025-08-18 03:05:37,820 - watchfiles.main - INFO - 1 change detected
2025-08-18 03:05:38,171 - watchfiles.main - INFO - 1 change detected
2025-08-18 03:05:38,521 - watchfiles.main - INFO - 1 change detected
2025-08-18 03:05:38,872 - watchfiles.main - INFO - 1 change detected
2025-08-18 03:05:39,223 - watchfiles.main - INFO - 1 change detected
2025-08-18 03:05:39,573 - watchfiles.main - INFO - 1 change detected
2025-08-18 03:05:39,924 - watchfiles.main - INFO - 1 change detected
2025-08-18 03:05:40,275 - watchfiles.main - INFO - 1 change detected
2025-08-18 03:05:40,626 - watchfiles.main - INFO - 1 change detected
2025-08-18 03:05:40,976 - watchfiles.main - INFO - 1 change detected
2025-08-18 03:05:41,327 - watchfiles.main - INFO - 1 change detected
2025-08-18 03:05:41,678 - watchfiles.main - INFO - 1 change detected
2025-08-18 03:05:42,028 - watchfiles.main - INFO - 1 change detected
2025-08-18 03:05:42,379 - watchfiles.main - INFO - 1 change detected
2025-08-18 03:05:42,730 - watchfiles.main - INFO - 1 change detected
2025-08-18 03:05:43,081 - watchfiles.main - INFO - 1 change detected
2025-08-18 03:05:43,431 - watchfiles.main - INFO - 1 change detected
2025-08-18 03:05:43,782 - watchfiles.main - INFO - 1 change detected
2025-08-18 03:05:44,133 - watchfiles.main - INFO - 1 change detected
2025-08-18 03:05:44,483 - watchfiles.main - INFO - 1 change detected
2025-08-18 03:05:44,834 - watchfiles.main - INFO - 1 change detected
2025-08-18 03:05:45,184 - watchfiles.main - INFO - 1 change detected
2025-08-18 03:05:45,539 - watchfiles.main - INFO - 1 change detected
2025-08-18 03:05:45,891 - watchfiles.main - INFO - 1 change detected
2025-08-18 03:05:46,242 - watchfiles.main - INFO - 1 change detected
2025-08-18 03:05:46,593 - watchfiles.main - INFO - 1 change detected
2025-08-18 03:05:46,944 - watchfiles.main - INFO - 1 change detected
2025-08-18 03:05:47,294 - watchfiles.main - INFO - 1 change detected
2025-08-18 03:05:47,645 - watchfiles.main - INFO - 1 change detected
2025-08-18 03:05:47,996 - watchfiles.main - INFO - 1 change detected
2025-08-18 03:05:48,347 - watchfiles.main - INFO - 1 change detected
2025-08-18 03:05:48,698 - watchfiles.main - INFO - 1 change detected
2025-08-18 03:05:49,049 - watchfiles.main - INFO - 1 change detected
2025-08-18 03:05:49,400 - watchfiles.main - INFO - 1 change detected
2025-08-18 03:05:49,750 - watchfiles.main - INFO - 1 change detected
2025-08-18 03:05:50,101 - watchfiles.main - INFO - 1 change detected
2025-08-18 03:05:50,452 - watchfiles.main - INFO - 1 change detected
2025-08-18 03:05:50,803 - watchfiles.main - INFO - 1 change detected
2025-08-18 03:05:51,153 - watchfiles.main - INFO - 1 change detected
2025-08-18 03:05:51,504 - watchfiles.main - INFO - 1 change detected
2025-08-18 03:05:51,855 - watchfiles.main - INFO - 1 change detected
2025-08-18 03:05:52,206 - watchfiles.main - INFO - 1 change detected
2025-08-18 03:05:52,557 - watchfiles.main - INFO - 1 change detected
2025-08-18 03:05:52,907 - watchfiles.main - INFO - 1 change detected
2025-08-18 03:05:53,258 - watchfiles.main - INFO - 1 change detected
2025-08-18 03:05:53,609 - watchfiles.main - INFO - 1 change detected
2025-08-18 03:05:53,960 - watchfiles.main - INFO - 1 change detected
2025-08-18 03:05:54,310 - watchfiles.main - INFO - 1 change detected
2025-08-18 03:05:54,661 - watchfiles.main - INFO - 1 change detected
2025-08-18 03:05:55,012 - watchfiles.main - INFO - 1 change detected
2025-08-18 03:05:55,363 - watchfiles.main - INFO - 1 change detected
2025-08-18 03:05:55,713 - watchfiles.main - INFO - 1 change detected
2025-08-18 03:05:56,064 - watchfiles.main - INFO - 1 change detected
2025-08-18 03:05:56,415 - watchfiles.main - INFO - 1 change detected
2025-08-18 03:05:56,766 - watchfiles.main - INFO - 1 change detected
2025-08-18 03:05:57,116 - watchfiles.main - INFO - 1 change detected
2025-08-18 03:05:57,467 - watchfiles.main - INFO - 1 change detected
2025-08-18 03:05:57,818 - watchfiles.main - INFO - 1 change detected
2025-08-18 03:05:58,169 - watchfiles.main - INFO - 1 change detected
2025-08-18 03:05:58,519 - watchfiles.main - INFO - 1 change detected
2025-08-18 03:05:58,870 - watchfiles.main - INFO - 1 change detected
2025-08-18 03:05:59,221 - watchfiles.main - INFO - 1 change detected
2025-08-18 03:05:59,572 - watchfiles.main - INFO - 1 change detected
2025-08-18 03:05:59,923 - watchfiles.main - INFO - 1 change detected
2025-08-18 03:06:00,273 - watchfiles.main - INFO - 1 change detected
2025-08-18 03:06:00,624 - watchfiles.main - INFO - 1 change detected
2025-08-18 03:06:00,975 - watchfiles.main - INFO - 1 change detected
2025-08-18 03:06:01,326 - watchfiles.main - INFO - 1 change detected
2025-08-18 03:06:01,677 - watchfiles.main - INFO - 1 change detected
